<?xml version="1.0" encoding="UTF-8"?>
<!-- Generated by org.testng.reporters.JUnitXMLReporter -->
<testsuite ignored="0" hostname="AustraxPC64" failures="0" tests="6" name="Test" time="44.143" errors="0" timestamp="16 Sep 2022 10:12:55 GMT">
  <testcase classname="com.booking.qa.testcases.HomePageTest" name="HomePageLogoTest" time="0.071"/>
  <testcase classname="com.booking.qa.testcases.HomePageTest" name="VerifyHomepageTitleTest" time="0.008"/>
  <testcase classname="com.booking.qa.testcases.HomePageTest" name="VerifyURLTest" time="0.009"/>
  <testcase classname="com.booking.qa.testcases.LoginPageTest" name="LoginPageTitleTest" time="0.007"/>
  <testcase classname="com.booking.qa.testcases.LoginPageTest" name="travolookLogoImageTest" time="0.05"/>
  <testcase classname="com.booking.qa.testcases.LoginPageTest" name="LoginTest" time="0.363"/>
</testsuite> <!-- Test -->
