<?xml version="1.0" encoding="UTF-8"?>
<!-- Generated by org.testng.reporters.JUnitXMLReporter -->
<testsuite ignored="0" hostname="AustraxPC64" failures="1" tests="2" name="Test" time="13.72" errors="0" timestamp="20 Sep 2022 06:08:17 GMT">
  <testcase classname="com.booking.qa.testcases.OneWayTripTest" name="SearchFlightsTest" time="0.011">
    <failure type="java.lang.NullPointerException" message="Cannot invoke &amp;quot;com.booking.qa.pages.OneWayTripPage.SearchForFlights()&amp;quot; because &amp;quot;this.oneWayTrip&amp;quot; is null">
      <![CDATA[java.lang.NullPointerException: Cannot invoke "com.booking.qa.pages.OneWayTripPage.SearchForFlights()" because "this.oneWayTrip" is null
at com.booking.qa.testcases.OneWayTripTest.SearchFlightsTest(OneWayTripTest.java:46)
... Removed 23 stack frames]]>
    </failure>
  </testcase> <!-- SearchFlightsTest -->
  <testcase classname="com.booking.qa.testcases.HomePageTest" name="VerifyURLTest" time="0.009"/>
</testsuite> <!-- Test -->
